Arguments: 
  D:\Program Files\nodejs\node.exe C:\Users\xiaositv\AppData\Roaming\npm\node_modules\yarn\bin\yarn.js add karma -D

PATH: 
  C:\Users\xiaositv\bin;D:\Program Files\Git\mingw64\bin;D:\Program Files\Git\usr\local\bin;D:\Program Files\Git\usr\bin;D:\Program Files\Git\usr\bin;D:\Program Files\Git\mingw64\bin;D:\Program Files\Git\usr\bin;C:\Users\xiaositv\bin;C:\Program Files (x86)\Common Files\Oracle\Java\javapath;C:\Program Files (x86)\Intel\iCLS Client;C:\Program Files\Intel\iCLS Client;C:\Windows\system32;C:\Windows;C:\Windows\System32\Wbem;C:\Windows\System32\WindowsPowerShell\v1.0;C:\Program Files (x86)\NVIDIA Corporation\PhysX\Common;C:\Program Files (x86)\Intel\Intel(R) Management Engine Components\DAL;C:\Program Files\Intel\Intel(R) Management Engine Components\DAL;C:\Program Files (x86)\Intel\Intel(R) Management Engine Components\IPT;C:\Program Files\Intel\Intel(R) Management Engine Components\IPT;D:\Program Files\nodejs;D:\Program Files\OpenVPN\bin;D:\program files (x86)\svn\bin;C:\WINDOWS\system32;C:\WINDOWS;C:\WINDOWS\System32\Wbem;C:\WINDOWS\System32\WindowsPowerShell\v1.0;C:\WINDOWS\System32\OpenSSH;D:\Program Files\Git\cmd;C:\Program Files\Microsoft VS Code\bin;D:\python\Scripts;D:\python;C:\Users\xiaositv\AppData\Local\Microsoft\WindowsApps;C:\Users\xiaositv\AppData\Roaming\npm;C:\Program Files\Microsoft VS Code\bin;D:\program files (x86)\java\bin;D:\Program Files\Java\jdk1.8.0_171\bin;C:\Users\xiaositv\AppData\Local\Microsoft\WindowsApps;D:\phpStudy\PHPTutorial\php\php-7.2.1-nts;D:\Program Files\Git\usr\bin\vendor_perl;D:\Program Files\Git\usr\bin\core_perl

Yarn version: 
  1.7.0

Node version: 
  9.10.1

Platform: 
  win32 x64

Trace: 
  Error: connect ETIMEDOUT 104.16.21.35:443
      at TCPConnectWrap.afterConnect [as oncomplete] (net.js:1173:14)

npm manifest: 
  {
    "dependencies": {
      "exif-js": "^2.3.0"
    },
    "name": "test",
    "description": "这是我前端学习的笔记内容，pages那个是小程序的scroll-view组件",
    "version": "1.0.0",
    "main": "app.js",
    "scripts": {
      "test": "echo \"Error: no test specified\" && exit 1",
      "karma": "karma start"
    },
    "repository": {
      "type": "git",
      "url": "git+https://github.com/qiphon/frontend-learn.git"
    },
    "keywords": [],
    "author": "",
    "license": "ISC",
    "bugs": {
      "url": "https://github.com/qiphon/frontend-learn/issues"
    },
    "homepage": "https://github.com/qiphon/frontend-learn#readme",
    "devDependencies": {
      "jasmine-core": "^3.1.0",
      "karma-chrome-launcher": "^2.2.0",
      "karma-jasmine": "^1.1.2"
    }
  }

yarn manifest: 
  No manifest

Lockfile: 
  No lockfile
