Arguments: 
  D:\Program Files\nodejs\node.exe C:\Users\Administrator\AppData\Roaming\npm-cache\_npx\1128\node_modules\yarn\bin\yarn.js init

PATH: 
  C:\Users\Administrator\AppData\Roaming\npm-cache\_npx\1128;D:\Users\Administrator\Desktop\frontend-learn\node_modules\.bin;D:\Program Files\cmder\vendor\conemu-maximus5\ConEmu\Scripts;C:\Program Files (x86)\Common Files\Oracle\Java\javapath;C:\WINDOWS\system32;C:\WINDOWS;C:\WINDOWS\System32\Wbem;C:\WINDOWS\System32\WindowsPowerShell\v1.0\;d:\Program Files\Git\cmd;C:\Program Files\TortoiseSVN\bin;C:\WINDOWS\System32\OpenSSH\;D:\Program Files\cmder;D:\Program Files\nodejs\;D:\Program Files\Java\jre\bin;D:\Program Files\Java\jdk1.8.0_201\bin;C:\Users\Administrator\.windows-build-tools\python27\;D:\Program Files\nodejs\node_modules\npm\node_modules\npm-lifecycle\node-gyp-bin;C:\Users\Administrator\AppData\Roaming\npm\node_modules\windows-build-tools\node_modules\.bin;C:\Users\Administrator\AppData\Roaming\npm\node_modules\.bin;D:\Program Files\cmder\bin;D:\Program Files\cmder\vendor\conemu-maximus5\ConEmu\Scripts;D:\Program Files\cmder\vendor\conemu-maximus5;D:\Program Files\cmder\vendor\conemu-maximus5\ConEmu;C:\Program Files (x86)\Common Files\Oracle\Java\javapath;D:\Users\Administrator\AppData\Local\Programs\Python\Python37\Scripts\;D:\Users\Administrator\AppData\Local\Programs\Python\Python37\;C:\WINDOWS\system32;C:\WINDOWS;C:\WINDOWS\System32\Wbem;C:\WINDOWS\System32\WindowsPowerShell\v1.0\;d:\Program Files\Git\cmd;C:\Program Files\TortoiseSVN\bin;C:\WINDOWS\System32\OpenSSH\;D:\Program Files\cmder;D:\Program Files\nodejs\;D:\Program Files\Java\jre\bin;D:\Program Files\Java\jdk1.8.0_201\bin;C:\Users\Administrator\AppData\Local\Microsoft\Windo;D:\Program Files\vscode\Microsoft VS Code\bin;d:\Program Files\Git\mingw64;d:\Program Files\Git\usr\bin

Yarn version: 
  1.13.0

Node version: 
  10.13.0

Platform: 
  win32 x64

Trace: 
  Error: canceled
      at Interface.<anonymous> (C:\Users\Administrator\AppData\Roaming\npm-cache\_npx\1128\node_modules\yarn\lib\cli.js:125657:13)
      at Interface.emit (events.js:182:13)
      at Interface._ttyWrite (readline.js:783:16)
      at ReadStream.onkeypress (readline.js:168:10)
      at ReadStream.emit (events.js:182:13)
      at emitKeys (internal/readline.js:424:14)
      at emitKeys.next (<anonymous>)
      at ReadStream.onData (readline.js:1022:36)
      at ReadStream.emit (events.js:182:13)
      at addChunk (_stream_readable.js:283:12)

npm manifest: 
  No manifest

yarn manifest: 
  No manifest

Lockfile: 
  No lockfile
